(2026-04-29 14:20:01),0.0248805,0,start,1576.4,402,LicenseMgr Init : 
(2026-04-29 14:20:01),0.0394561,0,end,1581.67,403,LicenseMgr Init : 
(2026-04-29 14:20:17),0.302522,0,start,1671.41,447,Analyze 
(2026-04-29 14:20:19),0.324697,0,end,1671.41,447,Analyze 
(2026-04-29 14:20:19),0.324823,0,start,1671.41,447,Load VCS Message: 
(2026-04-29 14:20:19),0.32515,0,end,1671.41,447,Load VCS Message: 
(2026-04-29 14:20:19),0.32786,0,start,1671.41,449,Analyze 
(2026-04-29 14:20:20),0.344392,0,end,1671.41,449,Analyze 
(2026-04-29 14:20:20),0.344561,0,start,1671.41,449,Load VCS Message: 
(2026-04-29 14:20:20),0.345067,0,end,1671.41,449,Load VCS Message: 
(2026-04-29 14:20:20),0.345842,0,start,1671.41,449,Analyze 
(2026-04-29 14:20:21),0.361672,0,end,1671.41,449,Analyze 
(2026-04-29 14:20:21),0.361838,0,start,1671.41,449,Load VCS Message: 
(2026-04-29 14:20:21),0.362227,0,end,1671.41,449,Load VCS Message: 
(2026-04-29 14:20:21),0.362731,0,start,1671.41,449,Analyze 
(2026-04-29 14:20:22),0.379146,0,end,1671.41,449,Analyze 
(2026-04-29 14:20:22),0.37927,0,start,1671.41,449,Load VCS Message: 
(2026-04-29 14:20:22),0.379688,0,end,1671.41,449,Load VCS Message: 
(2026-04-29 14:20:22),0.381053,0,start,1671.41,450,Elaborate : 
(2026-04-29 14:20:29),0.490483,0,end,1671.41,452,Elaborate : 
(2026-04-29 14:20:29),0.490651,0,start,1671.41,452,Load VCS Message: 
(2026-04-29 14:20:29),0.492469,0,end,1671.41,452,Load VCS Message: 
(2026-04-29 14:20:29),0.492637,0,start,1671.41,452,LoadCircuitModel : 
(2026-04-29 14:20:29),0.492803,0,start,1671.41,452,VsiLib_Restore : 
(2026-04-29 14:20:29),0.492979,0,end,1671.41,452,VsiLib_Restore : 
(2026-04-29 14:20:29),0.493139,0,end,1671.41,452,LoadCircuitModel : 
(2026-04-29 14:20:29),0.493331,0,start,1671.41,452,BuildNetlist : 
(2026-04-29 14:20:29),0.493501,0,start,1671.41,452,NLDM Build : 
(2026-04-29 14:20:29),0.493852,0,end,1687.16,471,NLDM Build : 
(2026-04-29 14:20:29),0.494057,1,start,1687.16,471,Cell properties : 
(2026-04-29 14:20:29),0.494219,1,end,1687.17,471,Cell properties : 
(2026-04-29 14:20:29),0.494382,0,end,1687.17,471,BuildNetlist : 
(2026-04-29 14:20:29),0.494874,0,start,1687.17,471,PropertyLoad: Formal Property : 
(2026-04-29 14:20:29),0.495035,0,end,1687.17,471,PropertyLoad: Formal Property : 
(2026-04-29 14:20:29),0.495242,0,start,1687.17,471,PropertyLoad: Formal Property : 
(2026-04-29 14:20:29),0.495396,0,end,1687.17,471,PropertyLoad: Formal Property : 
(2026-04-29 14:20:29),0.495594,0,start,1687.17,471,PropertyLoad: Formal Property : 
(2026-04-29 14:20:29),0.495771,0,end,1687.17,471,PropertyLoad: Formal Property : 
(2026-04-29 14:20:29),0.495932,0,start,1687.17,471,set_abstractions: InvokedInAutoMode : 
(2026-04-29 14:20:29),0.496096,0,end,1687.17,471,set_abstractions: InvokedInAutoMode : 
(2026-04-29 14:20:29),0.496254,0,start,1687.17,472,StaticCheck: StaticCheckProcess : 
(2026-04-29 14:20:29),0.496407,0,start,1687.17,471,StaticCheck: NldfgFlatDesign : 
(2026-04-29 14:20:29),0.496596,0,start,1687.17,471,StaticCheck: createFlatDesign : 
(2026-04-29 14:20:29),0.496907,0,end,1696.2,481,StaticCheck: createFlatDesign : 
(2026-04-29 14:20:29),0.49709,0,start,1696.2,481,StaticCheck: legalize : 
(2026-04-29 14:20:29),0.497277,0,end,1696.2,481,StaticCheck: legalize : 
(2026-04-29 14:20:29),0.497457,0,start,1696.2,481,StaticCheck: computeNetEquivalences : 
(2026-04-29 14:20:29),0.497641,0,end,1696.2,481,StaticCheck: computeNetEquivalences : 
(2026-04-29 14:20:29),0.497823,0,start,1696.2,481,StaticCheck: eliminateBidirectionals : 
(2026-04-29 14:20:29),0.498009,0,end,1696.2,481,StaticCheck: eliminateBidirectionals : 
(2026-04-29 14:20:29),0.49818,0,end,1696.2,481,StaticCheck: NldfgFlatDesign : 
(2026-04-29 14:20:29),0.49836,0,start,1696.2,481,StaticCheck: CombLoopCheck  : 
(2026-04-29 14:20:29),0.498555,0,end,1696.2,481,StaticCheck: CombLoopCheck  : 
(2026-04-29 14:20:29),0.498746,0,start,1696.2,481,StaticCheck: MultiDriverCheck  : 
(2026-04-29 14:20:29),0.498927,0,end,1696.2,481,StaticCheck: MultiDriverCheck  : 
(2026-04-29 14:20:29),0.499121,0,end,1696.2,471,StaticCheck: StaticCheckProcess : 
(2026-04-29 14:20:29),0.499698,0,start,1696.2,471,populate SSF data: 
(2026-04-29 14:20:29),0.499878,0,end,1696.2,471,populate SSF data: 
(2026-04-29 14:20:29),0.500049,0,start,1696.2,471,DumpGateCountStats : 
(2026-04-29 14:20:29),0.500354,0,end,1696.2,471,DumpGateCountStats : 
(2026-04-29 14:20:29),0.500595,1,start,1696.2,481,ModuleDesignPropagation : 
(2026-04-29 14:20:29),0.500765,1,end,1696.2,481,ModuleDesignPropagation : 
(2026-04-29 14:20:29),0.501174,0,start,1696.34,481,map_by_name:  : 
(2026-04-29 14:20:29),0.501707,0,start,1714.46,481,map_by_name: primary input/output : 
(2026-04-29 14:20:29),0.502003,0,end,1714.46,481,map_by_name: primary input/output : 
(2026-04-29 14:20:29),0.502138,0,start,1714.46,481,map_by_name: undriven : 
(2026-04-29 14:20:29),0.502293,0,end,1714.46,481,map_by_name: undriven : 
(2026-04-29 14:20:29),0.502406,0,start,1714.46,481,map_by_name: blackbox : 
(2026-04-29 14:20:29),0.502561,0,end,1714.46,481,map_by_name: blackbox : 
(2026-04-29 14:20:29),0.502714,0,start,1714.46,481,map_by_name: CMA : 
(2026-04-29 14:20:29),0.502874,0,end,1714.46,481,map_by_name: CMA : 
(2026-04-29 14:20:29),0.502993,0,start,1714.46,481,map_by_name: abstraction : 
(2026-04-29 14:20:29),0.503154,0,end,1714.46,481,map_by_name: abstraction : 
(2026-04-29 14:20:29),0.503713,0,end,1714.46,481,map_by_name:  : 
(2026-04-29 14:20:29),0.504919,0,start,1714.46,481,sim build substep: 
(2026-04-29 14:20:29),0.505092,0,start,1714.46,481,Check: ConstraintsProcess : 
(2026-04-29 14:20:29),0.505283,0,start,1714.46,481,Check: PrepareConstraints : 
(2026-04-29 14:20:29),0.505431,0,end,1714.46,481,Check: PrepareConstraints : 
(2026-04-29 14:20:29),0.505553,0,start,1714.46,481,Check: CompileConstraints : 
(2026-04-29 14:20:29),0.505743,0,end,1714.46,482,Check: CompileConstraints : 
(2026-04-29 14:20:29),0.505857,0,start,1714.46,482,Check: InstrumentConstraints : 
(2026-04-29 14:20:29),0.506015,0,end,1714.46,482,Check: InstrumentConstraints : 
(2026-04-29 14:20:29),0.506137,0,end,1714.46,482,Check: ConstraintsProcess : 
(2026-04-29 14:20:30),0.506858,0,end,1714.46,490,sim build substep: 
(2026-04-29 14:20:30),0.506982,0,start,1714.46,490,sim run substep: 
(2026-04-29 14:20:30),0.507318,0,end,1714.46,494,sim run substep: 
(2026-04-29 14:20:30),0.507456,0,start,1714.46,494,sim_save_reset : 
(2026-04-29 14:20:30),0.509284,0,end,1719.05,482,sim_save_reset : 
(2026-04-29 14:20:30),0.509574,0,start,1719.05,482,Check: check_fv : 
(2026-04-29 14:20:30),0.509672,0,start,1719.05,482,Check: BuildFormal : 
(2026-04-29 14:20:30),0.509747,0,start,1719.05,482,Check: Init : 
(2026-04-29 14:20:30),0.509825,0,end,1719.05,482,Check: Init : 
(2026-04-29 14:20:30),0.509917,0,start,1719.05,482,Check: ResetSetup : 
(2026-04-29 14:20:30),0.509996,0,start,1719.05,482,Check: EnvInstrumentation : 
(2026-04-29 14:20:30),0.510086,0,end,1719.05,482,Check: EnvInstrumentation : 
(2026-04-29 14:20:30),0.510205,0,end,1719.05,482,Check: ResetSetup : 
(2026-04-29 14:20:30),0.510295,0,start,1719.05,482,Check: BotEotInstr : 
(2026-04-29 14:20:30),0.510424,0,end,1719.05,482,Check: BotEotInstr : 
(2026-04-29 14:20:30),0.510579,0,start,1719.05,482,Check: VPSetup : 
(2026-04-29 14:20:30),0.510758,0,end,1719.05,482,Check: VPSetup : 
(2026-04-29 14:20:30),0.51086,0,start,1719.05,482,Check: VPReset : 
(2026-04-29 14:20:30),0.511246,0,end,1719.05,482,Check: VPReset : 
(2026-04-29 14:20:30),0.511335,0,start,1719.05,482,Check: InitApp : 
(2026-04-29 14:20:30),0.511425,0,start,1719.05,482,Check: InitSEQ : 
(2026-04-29 14:20:30),0.512114,0,end,1719.05,482,Check: InitSEQ : 
(2026-04-29 14:20:30),0.512305,0,end,1719.05,482,Check: InitApp : 
(2026-04-29 14:20:30),0.512415,0,start,1719.05,482,Check: FormalModel : 
(2026-04-29 14:20:30),0.512505,0,start,1719.05,482,DfgBuild: Setup : 
(2026-04-29 14:20:30),0.512625,0,start,1719.05,482,DfgBuild: ValidateNLDMOperators : 
(2026-04-29 14:20:30),0.512767,0,end,1719.05,482,DfgBuild: ValidateNLDMOperators : 
(2026-04-29 14:20:30),0.51291,0,end,1719.05,482,DfgBuild: Setup : 
(2026-04-29 14:20:30),0.513058,0,start,1719.05,482,DfgBuild: ReuseCheck : 
(2026-04-29 14:20:30),0.513217,0,end,1719.05,482,DfgBuild: ReuseCheck : 
(2026-04-29 14:20:30),0.513367,0,start,1719.05,482,DfgBuild: Flatten : 
(2026-04-29 14:20:30),0.51357,0,end,1719.05,491,DfgBuild: Flatten : 
(2026-04-29 14:20:30),0.513722,0,start,1719.05,491,DfgBuild: ClockSetup : 
(2026-04-29 14:20:30),0.513872,0,end,1719.05,491,DfgBuild: ClockSetup : 
(2026-04-29 14:20:30),0.514032,0,start,1719.05,491,DfgBuild: Modeling : 
(2026-04-29 14:20:30),0.514179,0,end,1719.05,491,DfgBuild: Modeling : 
(2026-04-29 14:20:30),0.514317,0,start,1719.05,491,DfgBuild: FlatRemodel : 
(2026-04-29 14:20:30),0.514471,0,end,1719.05,491,DfgBuild: FlatRemodel : 
(2026-04-29 14:20:30),0.51459,0,start,1719.05,491,DfgBuild: NldfgBuild : 
(2026-04-29 14:20:30),0.514713,0,end,1719.05,491,DfgBuild: NldfgBuild : 
(2026-04-29 14:20:30),0.514851,0,start,1719.05,491,NldfgBuild : Print statistics 
(2026-04-29 14:20:30),0.514991,0,end,1719.05,491,NldfgBuild : Print statistics 
(2026-04-29 14:20:30),0.515096,0,start,1719.05,491,NldfgBuild : Cutpoint Insertion 
(2026-04-29 14:20:30),0.515216,0,end,1719.05,491,NldfgBuild : Cutpoint Insertion 
(2026-04-29 14:20:30),0.515323,0,start,1719.05,491,NldfgBuild : Compute net equivalences 
(2026-04-29 14:20:30),0.515506,0,end,1719.05,491,NldfgBuild : Compute net equivalences 
(2026-04-29 14:20:30),0.515658,0,start,1719.05,491,NldfgBuild : Eliminate bidirectionals 
(2026-04-29 14:20:30),0.515821,0,end,1719.05,491,NldfgBuild : Eliminate bidirectionals 
(2026-04-29 14:20:30),0.515937,0,start,1719.05,491,NldfgBuild : Remove false combo loops 
(2026-04-29 14:20:30),0.516051,0,end,1719.05,491,NldfgBuild : Remove false combo loops 
(2026-04-29 14:20:30),0.516159,0,start,1719.05,491,NldfgBuild : Create dfg 
(2026-04-29 14:20:30),0.516264,0,start,1719.05,491,NldfgBuild : Create graph function 
(2026-04-29 14:20:30),0.516415,0,end,1719.05,492,NldfgBuild : Create graph function 
(2026-04-29 14:20:30),0.516528,0,start,1719.05,492,NldfgBuild : Create scopes 
(2026-04-29 14:20:30),0.516637,0,end,1719.05,492,NldfgBuild : Create scopes 
(2026-04-29 14:20:30),0.516738,0,start,1719.05,492,NldfgBuild : Initial setup 
(2026-04-29 14:20:30),0.516859,0,end,1719.05,492,NldfgBuild : Initial setup 
(2026-04-29 14:20:30),0.516987,0,start,1719.05,492,NldfgBuild : Create graph 
(2026-04-29 14:20:30),0.517144,0,end,1719.05,492,NldfgBuild : Create graph 
(2026-04-29 14:20:30),0.517281,0,start,1719.05,492,NldfgBuild : Create terminal sinks and sources 
(2026-04-29 14:20:30),0.517445,0,end,1719.05,492,NldfgBuild : Create terminal sinks and sources 
(2026-04-29 14:20:30),0.517578,0,start,1719.05,492,NldfgBuild : Compute dependencies 
(2026-04-29 14:20:30),0.517725,0,end,1719.05,492,NldfgBuild : Compute dependencies 
(2026-04-29 14:20:30),0.517864,0,start,1719.05,492,NldfgBuild : Compute combinational SCCs 
(2026-04-29 14:20:30),0.518004,0,end,1719.05,492,NldfgBuild : Compute combinational SCCs 
(2026-04-29 14:20:30),0.518155,0,start,1719.05,492,NldfgBuild : Compute templates 
(2026-04-29 14:20:30),0.518341,0,end,1719.05,492,NldfgBuild : Compute templates 
(2026-04-29 14:20:30),0.518486,0,start,1719.05,492,NldfgBuild : Eliminate combinational SCCs 
(2026-04-29 14:20:30),0.5186,0,end,1719.05,492,NldfgBuild : Eliminate combinational SCCs 
(2026-04-29 14:20:30),0.518695,0,start,1719.05,492,NldfgBuild : Computing sequential SCCs 
(2026-04-29 14:20:30),0.518796,0,end,1719.05,492,NldfgBuild : Computing sequential SCCs 
(2026-04-29 14:20:30),0.518922,0,start,1719.05,492,NldfgBuild : Create simulator clocks, changeAts and Triggers 
(2026-04-29 14:20:30),0.51904,0,end,1719.05,492,NldfgBuild : Create simulator clocks, changeAts and Triggers 
(2026-04-29 14:20:30),0.519182,0,start,1719.05,492,NldfgBuild : SymSimulator Analysis and computation 
(2026-04-29 14:20:30),0.51937,0,end,1719.05,492,NldfgBuild : SymSimulator Analysis and computation 
(2026-04-29 14:20:30),0.519498,0,end,1719.05,492,NldfgBuild : Create dfg 
(2026-04-29 14:20:30),0.519593,0,start,1719.05,492,StaticCheck: StaticCheckProcess : 
(2026-04-29 14:20:30),0.519691,0,start,1719.05,492,StaticCheck: NldfgFlatDesign : 
(2026-04-29 14:20:30),0.519796,0,end,1719.05,492,StaticCheck: NldfgFlatDesign : 
(2026-04-29 14:20:30),0.51991,0,start,1719.05,492,StaticCheck: CombLoopCheck  : 
(2026-04-29 14:20:30),0.520011,0,end,1719.05,492,StaticCheck: CombLoopCheck  : 
(2026-04-29 14:20:30),0.520104,0,start,1719.05,492,StaticCheck: MultiDriverCheck  : 
(2026-04-29 14:20:30),0.520197,0,end,1719.05,492,StaticCheck: MultiDriverCheck  : 
(2026-04-29 14:20:30),0.520297,0,end,1719.05,492,StaticCheck: StaticCheckProcess : 
(2026-04-29 14:20:30),0.520454,0,start,1719.05,492,DfgBuild: DfgRemodel : 
(2026-04-29 14:20:30),0.521053,0,end,1719.05,491,DfgBuild: DfgRemodel : 
(2026-04-29 14:20:30),0.521222,0,end,1719.05,482,Check: FormalModel : 
(2026-04-29 14:20:30),0.521349,0,end,1719.05,482,Check: BuildFormal : 
(2026-04-29 14:20:30),0.521478,0,start,1719.05,482,Check: GCDB : 
(2026-04-29 14:20:30),0.521722,0,end,1719.05,482,Check: GCDB : 
(2026-04-29 14:20:30),0.521935,0,start,1719.05,482,Check: Tanglewood : 
(2026-04-29 14:20:31),0.52396,0,end,1719.05,482,Check: Tanglewood : 
(2026-04-29 14:20:31),0.524119,0,end,1719.05,482,Check: check_fv : 
(2026-04-29 14:20:41),0.690969,0,start,1719.04,482,DfgBuild: First_fileCopyForSaveOnTheFly : 
(2026-04-29 14:20:41),0.693391,0,end,1719.04,482,DfgBuild: First_fileCopyForSaveOnTheFly : 
(2026-04-29 14:20:41),0.69635,0,start,1719.04,482,DfgBuild: saveProofDb_lastUpdate : 
(2026-04-29 14:20:41),0.696856,0,end,1719.04,482,DfgBuild: saveProofDb_lastUpdate : 
(2026-04-29 14:20:41),0.697398,0,start,1719.04,482,compressRMADB: compressRMADB : 
(2026-04-29 14:20:41),0.699979,0,end,1719.04,482,compressRMADB: compressRMADB : 
(2026-04-29 14:20:41),0.700137,0,start,1719.04,482,deleteAllFilesExceptGz: deleteAllFilesExceptGz : 
(2026-04-29 14:20:41),0.701883,0,end,1719.04,483,deleteAllFilesExceptGz: deleteAllFilesExceptGz : 
