03:59:47 : Disable event(s) list: aaMonetBanffGetPropSummaryResults aaMonetEvReportDbUpdated aaMonetBanffGetPropSummary aaMonetEvReportCompressFinished aaMonetBanffGetPropResults aaMonetCmdHelp aaMonetEvReportDbUpdating aaMonetEvFormalCoreInvalidated aaMonetEvReportWaiverStarted aaMonetEvReportCompressStarted aaMonetEvErrorMsg aaMonetEvReportWaiverFinished
03:59:53 : Monet(R):UNodeAction -name aaMonetEvSourceCmdActive -data 1 -trigger
03:59:53 : Monet(S):aaAppGuiActive
03:59:53 : Monet(S):aaMonetSetVerdiMasterMode
03:59:53 : Monet(S):aaAppVerdiActive -active {1}
03:59:54 : Monet(R):UNodeAction -name aaMonetEvSourceCmdActive -data 0 -trigger
03:59:54 : Monet(R):UNodeAction -name aaMonetEvSourceCmdActive -data 1 -trigger
03:59:54 : Monet(R):UNodeAction -name aaMonetEvSourceCmdActive -data 0 -trigger
03:59:54 : Monet(R):UNodeAction -name aaMonetEvSourceCmdActive -data 1 -trigger
03:59:54 : Monet(R):UNodeAction -name aaMonetEvSourceCmdActive -data 0 -trigger
03:59:54 : Monet(R):UNodeAction -name aaMonetEvSourceCmdActive -data 1 -trigger
03:59:54 : Monet(R):UNodeAction -name aaMonetEvSourceCmdActive -data 0 -trigger
03:59:54 : Monet(R):UNodeAction -name aaMonetEvSourceCmdActive -data 1 -trigger
03:59:54 : Monet(R):UNodeAction -name aaMonetEvSourceCmdActive -data 0 -trigger
03:59:54 : Monet(R):UNodeAction -name aaMonetEvSourceCmdActive -data 1 -trigger
03:59:54 : Monet(R):UNodeAction -name aaMonetEvSourceCmdActive -data 0 -trigger
03:59:54 : Monet(R):UNodeAction -name aaMonetEvSourceCmdActive -data 1 -trigger
03:59:54 : Monet(R):UNodeAction -name aaMonetEvSourceCmdActive -data 0 -trigger
03:59:54 : Monet(R):UNodeAction -name aaMonetEvSourceCmdActive -data 1 -trigger
03:59:54 : Monet(R):UNodeAction -name aaMonetEvSourceCmdActive -data 0 -trigger
03:59:54 : Monet(R):UNodeAction -name aaMonetEvSourceCmdActive -data 1 -trigger
03:59:54 : Monet(R):UNodeAction -name aaMonetEvSourceCmdActive -data 0 -trigger
03:59:54 : Monet(R):UNodeAction -name aaMonetEvSourceCmdActive -data 1 -trigger
03:59:54 : Monet(R):UNodeAction -name aaMonetEvSourceCmdActive -data 0 -trigger
03:59:54 : Monet(R):UNodeAction -name aaMonetEvSourceCmdActive -data 1 -trigger
03:59:54 : Monet(R):UNodeAction -name aaMonetEvSourceCmdActive -data 0 -trigger
03:59:54 : Monet(R):UNodeAction -name aaMonetEvSourceCmdActive -data 1 -trigger
03:59:54 : Monet(R):UNodeAction -name aaMonetEvSourceCmdActive -data 0 -trigger
03:59:54 : Monet(R):UNodeAction -name aaMonetEvSourceCmdActive -data 1 -trigger
03:59:54 : Monet(R):UNodeAction -name aaMonetEvSourceCmdActive -data 0 -trigger
03:59:54 : Monet(R):UNodeAction -name aaMonetEvSourceCmdActive -data 1 -trigger
03:59:54 : Monet(R):UNodeAction -name aaMonetEvSourceCmdActive -data 0 -trigger
03:59:54 : Monet(R):UNodeAction -name aaMonetEvSourceCmdActive -data 1 -trigger
03:59:54 : Monet(R):UNodeAction -name aaMonetEvSourceCmdActive -data 0 -trigger
03:59:54 : Monet(R):UNodeAction -name aaMonetEvSourceCmdActive -data 1 -trigger
03:59:54 : Monet(R):UNodeAction -name aaMonetEvSourceCmdActive -data 0 -trigger
03:59:54 : Monet(R):UNodeAction -name aaMonetEvSourceCmdActive -data 1 -trigger
03:59:54 : Monet(R):UNodeAction -name aaMonetEvSourceCmdActive -data 0 -trigger
03:59:54 : Monet(R):UNodeAction -name aaMonetEvSourceCmdActive -data 1 -trigger
03:59:55 : Monet(S):aaMonetGetCmdHelp
03:59:56 : Monet(R):UNodeAction -name aaMonetEvSourceCmdActive -data 0 -trigger
03:59:56 : Monet(R):UNodeAction -name aaMonetEvSourceCmdActive -data 1 -trigger
03:59:56 : Monet(R):UNodeAction -name aaMonetEvSourceCmdActive -data 0 -trigger
03:59:56 : Monet(R):UNodeAction -name aaMonetEvGvarState -data {enable_tcl_debug_line_number=true}
03:59:56 : Monet(R):UNodeAction -name aaMonetEvSourceCmdActive -data 1 -trigger
03:59:56 : Monet(R):UNodeAction -name aaMonetEvSourceCmdActive -data 0 -trigger
03:59:56 : Monet(R):UNodeAction -name aaMonetSetHierarchySeparator -data . -trigger
03:59:56 : Monet(R):UNodeAction -name aaMonetEvGvarState -data {hierarchy_delimiter=.}
03:59:56 : Monet(R):UNodeAction -name aaMonetEvGvarState -data {share_libcells=false}
03:59:56 : Monet(R):UNodeAction -name aaMonetEvGvarState -data {keep_source_loc_expr=true}
03:59:56 : Monet(R):UNodeAction -name aaMonetEvGvarState -data {enable_new_name_interface=false}
03:59:56 : Monet(R):UNodeAction -name aaMonetEvGvarState -data {enable_remove_temporary_flops=false}
03:59:56 : Monet(R):UNodeAction -name aaMonetEvGvarState -data {prepend_default_timescale=true}
03:59:56 : Monet(R):UNodeAction -name aaMonetEvGvarState -data {enable_ldpc_transform=false}
03:59:56 : Monet(R):UNodeAction -name aaMonetEvGvarState -data {enable_fdpc_transform=false}
03:59:56 : Monet(R):UNodeAction -name aaMonetEvGvarState -data {allow_unconn_interface_port=true}
03:59:56 : Monet(R):UNodeAction -name aaMonetEvGvarState -data {enable_vhdl_original_names=false}
03:59:56 : Monet(R):UNodeAction -name aaMonetEvGvarState -data {fml_mode_on=true}
03:59:56 : Monet(R):UNodeAction -name aaMonetEvGvarState -data {init_app_var_creation=true}
03:59:56 : Monet(R):UNodeAction -name aaMonetEvGvarState -data {async_command_max_parallel_count=8}
03:59:56 : Monet(R):UNodeAction -name aaMonetEvGvarState -data {auto_correct_waiver_name=false}
03:59:56 : Monet(R):UNodeAction -name aaMonetEvGvarState -data {cdc_vector_merged_bits_simplify_level=3}
03:59:56 : Monet(R):UNodeAction -name aaMonetEvGvarState -data {default_apply_waiver_file=}
03:59:56 : Monet(R):UNodeAction -name aaMonetEvGvarState -data {default_gui_waiver_comment=}
03:59:56 : Monet(R):UNodeAction -name aaMonetEvGvarState -data {default_waiver_dir=}
03:59:56 : Monet(R):UNodeAction -name aaMonetEvGvarState -data {default_waiver_file=}
03:59:56 : Monet(R):UNodeAction -name aaMonetEvGvarState -data {default_waiver_violation_state=Waived}
03:59:56 : Monet(R):UNodeAction -name aaMonetEvGvarState -data {disable_abstract_nschema_linking=false}
03:59:56 : Monet(R):UNodeAction -name aaMonetEvGvarState -data {disable_duplicate_entries=true}
03:59:56 : Monet(R):UNodeAction -name aaMonetEvGvarState -data {disable_verdi_symbol_library_verbose_message=false}
03:59:56 : Monet(R):UNodeAction -name aaMonetEvGvarState -data {disable_waiver_command_prints=false}
03:59:56 : Monet(R):UNodeAction -name aaMonetEvGvarState -data {dpv_regression_mode=false}
03:59:56 : Monet(R):UNodeAction -name aaMonetEvGvarState -data {dump_signature_in_violation=false}
03:59:56 : Monet(R):UNodeAction -name aaMonetEvGvarState -data {enable_all_fields_to_create_filter=true}
03:59:56 : Monet(R):UNodeAction -name aaMonetEvGvarState -data {enable_cdc=false}
03:59:56 : Monet(R):UNodeAction -name aaMonetEvGvarState -data {enable_compressed_group=true}
03:59:56 : Monet(R):UNodeAction -name aaMonetEvGvarState -data {enable_copy_novas_libs=false}
03:59:56 : Monet(R):UNodeAction -name aaMonetEvGvarState -data {enable_dc_naming_style=false}
03:59:56 : Monet(R):UNodeAction -name aaMonetEvGvarState -data {enable_fast_restore_session=false}
03:59:56 : Monet(R):UNodeAction -name aaMonetEvGvarState -data {enable_incr_waiver_db_updates=false}
03:59:56 : Monet(R):UNodeAction -name aaMonetEvGvarState -data {enable_incremental_db_updates=true}
03:59:56 : Monet(R):UNodeAction -name aaMonetEvGvarState -data {enable_lint=false}
03:59:56 : Monet(R):UNodeAction -name aaMonetEvGvarState -data {enable_nextgen_cdc=false}
03:59:56 : Monet(R):UNodeAction -name aaMonetEvGvarState -data {enable_nldm_nschema=true}
03:59:56 : Monet(R):UNodeAction -name aaMonetEvGvarState -data {enable_nldm_nschema_on_demand=false}
03:59:56 : Monet(R):UNodeAction -name aaMonetEvGvarState -data {enable_nldm_nschema_thread=true}
03:59:56 : Monet(R):UNodeAction -name aaMonetEvGvarState -data {enable_nschema_container=true}
03:59:56 : Monet(R):UNodeAction -name aaMonetEvGvarState -data {enable_one_click_group_waive=true}
03:59:56 : Monet(R):UNodeAction -name aaMonetEvGvarState -data {enable_rdc_waveform_reset_order_graph=true}
03:59:56 : Monet(R):UNodeAction -name aaMonetEvGvarState -data {enable_sam_rtl_annotation=false}
03:59:56 : Monet(R):UNodeAction -name aaMonetEvGvarState -data {enable_signature_to_create_waiver=false}
03:59:56 : Monet(R):UNodeAction -name aaMonetEvGvarState -data {enable_smart_groups=false}
03:59:56 : Monet(R):UNodeAction -name aaMonetEvGvarState -data {enable_vc_spyglass_style_full_path=false}
03:59:56 : Monet(R):UNodeAction -name aaMonetEvGvarState -data {enable_verdi_background=true}
03:59:56 : Monet(R):UNodeAction -name aaMonetEvGvarState -data {enable_verdi_debug=true}
03:59:56 : Monet(R):UNodeAction -name aaMonetEvGvarState -data {enable_verdi_kdb_skip=false}
03:59:56 : Monet(R):UNodeAction -name aaMonetEvGvarState -data {enable_verdi_kdb_smart_elab=true}
03:59:56 : Monet(R):UNodeAction -name aaMonetEvGvarState -data {enable_verdi_kdb_xml=false}
03:59:56 : Monet(R):UNodeAction -name aaMonetEvGvarState -data {enable_verdi_symbolic_schematic=false}
03:59:56 : Monet(R):UNodeAction -name aaMonetEvGvarState -data {enable_vhdl_original_names=false}
03:59:56 : Monet(R):UNodeAction -name aaMonetEvGvarState -data {field_delimiter=.}
03:59:56 : Monet(R):UNodeAction -name aaMonetEvGvarState -data {fml_cc_coverage_analyzer=false}
03:59:56 : Monet(R):UNodeAction -name aaMonetEvGvarState -data {fml_composite_trace=true}
03:59:56 : Monet(R):UNodeAction -name aaMonetEvGvarState -data {fml_cov_fast_mode=false}
03:59:56 : Monet(R):UNodeAction -name aaMonetEvGvarState -data {fml_cov_gen_trace=default}
03:59:56 : Monet(R):UNodeAction -name aaMonetEvGvarState -data {fml_cov_llk_trace_enable=unlimited}
03:59:56 : Monet(R):UNodeAction -name aaMonetEvGvarState -data {fml_mode_on=true}
03:59:56 : Monet(R):UNodeAction -name aaMonetEvGvarState -data {fml_vacuity_on=true}
03:59:56 : Monet(R):UNodeAction -name aaMonetEvGvarState -data {fml_vdac_disable=false}
03:59:56 : Monet(R):UNodeAction -name aaMonetEvGvarState -data {fml_witness_on=false}
03:59:56 : Monet(R):UNodeAction -name aaMonetEvGvarState -data {gen_multiple_msg_based_waivers=false}
03:59:56 : Monet(R):UNodeAction -name aaMonetEvGvarState -data {gui_load_filter_group_mode=true}
03:59:56 : Monet(R):UNodeAction -name aaMonetEvGvarState -data {hide_waive_this_item_link=false}
03:59:56 : Monet(R):UNodeAction -name aaMonetEvGvarState -data {hierarchy_delimiter=.}
03:59:56 : Monet(R):UNodeAction -name aaMonetEvGvarState -data {include_filter_field_comments=false}
03:59:56 : Monet(R):UNodeAction -name aaMonetEvGvarState -data {info_disp_elems=0}
03:59:56 : Monet(R):UNodeAction -name aaMonetEvGvarState -data {keep_source_loc_expr=true}
03:59:56 : Monet(R):UNodeAction -name aaMonetEvGvarState -data {lint_functional_mode=false}
03:59:56 : Monet(R):UNodeAction -name aaMonetEvGvarState -data {lint_generate_fix_suggestions=false}
03:59:56 : Monet(R):UNodeAction -name aaMonetEvGvarState -data {lint_impl_mode=false}
03:59:56 : Monet(R):UNodeAction -name aaMonetEvGvarState -data {lint_load_goal_results=false}
03:59:56 : Monet(R):UNodeAction -name aaMonetEvGvarState -data {lint_spyglass_mode=false}
03:59:56 : Monet(R):UNodeAction -name aaMonetEvGvarState -data {lint_testbench_mode=false}
03:59:56 : Monet(R):UNodeAction -name aaMonetEvGvarState -data {msg_color_error=red}
03:59:56 : Monet(R):UNodeAction -name aaMonetEvGvarState -data {msg_color_info=none}
03:59:56 : Monet(R):UNodeAction -name aaMonetEvGvarState -data {msg_color_warn=none}
03:59:56 : Monet(R):UNodeAction -name aaMonetEvGvarState -data {scroll_table_speed=1}
03:59:56 : Monet(R):UNodeAction -name aaMonetEvGvarState -data {select_create_waiver_fields=all}
03:59:56 : Monet(R):UNodeAction -name aaMonetEvGvarState -data {show_disabled_prop=true}
03:59:56 : Monet(R):UNodeAction -name aaMonetEvGvarState -data {show_msg_in_create_waiver=true}
03:59:56 : Monet(R):UNodeAction -name aaMonetEvGvarState -data {show_only_waived=false}
03:59:56 : Monet(R):UNodeAction -name aaMonetEvGvarState -data {show_only_waived_and_waived_temp=false}
03:59:56 : Monet(R):UNodeAction -name aaMonetEvGvarState -data {show_waivers_under_violations=false}
03:59:56 : Monet(R):UNodeAction -name aaMonetEvGvarState -data {struct_delimiter=.}
03:59:56 : Monet(R):UNodeAction -name aaMonetEvGvarState -data {track_msg_color_changes=true}
03:59:56 : Monet(R):UNodeAction -name aaMonetEvGvarState -data {verdi_postelab_to_check=false}
03:59:56 : Monet(R):UNodeAction -name aaMonetEvGvarState -data {verdi_table_font=11}
03:59:56 : Monet(R):UNodeAction -name aaMonetEvGvarState -data {verdi_vc_console_hotkey=null}
03:59:56 : Monet(R):UNodeAction -name aaMonetEvGvarState -data {vnr_write_kdb_resolve=true}
03:59:56 : Monet(R):UNodeAction -name aaMonetEvGvarState -data {waiver_disallow_append=false}
03:59:56 : Monet(R):UNodeAction -name aaMonetEvGvarState -data {waiver_require_comment=false}
03:59:56 : Monet(R):UNodeAction -name aaMonetEvGvarState -data {init_app_var_creation=false}
03:59:56 : Monet(S):aaMonetMasterUnblock -result {1}
03:59:56 : Monet(R):UNodeAction -name aaMonetEvGvarState -data {msg_color_warn=magenta}
03:59:56 : Monet(S):aaMonetMasterUnblock -result {1}
03:59:56 : Monet(R):UNodeAction -name aaMonetEvGvarState -data {msg_color_info=black}
03:59:56 : Monet(S):aaMonetMasterUnblock -result {1}
03:59:56 : Monet(S):aaMonetDbg -apps {VCFV} -plain {1309920959}
04:00:16 : Monet(R):UNodeAction -name aaMonetEvSourceCmdActive -data 1 -trigger
04:00:16 : Monet(S):aaMonetFvGetTaskAttrs
04:00:16 : Monet(R):UNodeAction -name aaMonetEvTask -reset -active -tid 4 -tname SEQ,SEQ -trigger
04:00:16 : Monet(R):UNodeAction -name aaMonetEvDesignLoading  -trigger
04:00:16 : Monet(R):UNodeAction -name aaMonetFvPassTaskAttrs -time {12H} -depth {-1} -effort {default} -effortConstraint {default easy high bounded bug_hunting discovery bitlevel_hard no_decompose_expensive}-formalCoreSetting { 1 1 1 } -trigger
04:00:16 : Monet(R):UNodeAction -name aaVerdiEnableKdb -data {true} -trigger
04:00:16 : Monet(R):UNodeAction -name aaVerdiCompileLog -data {} -trigger
04:00:18 : Monet(R):UNodeAction -name aaMonetEvReportDbSelectiveUpdate -data { Objects,ReportColumns,ReportTypes,Repositories,SETUP,TagParameterValue,Vars } -trigger
04:00:18 : Monet(R):UNodeAction -name aaMonetEvDesignLoaded -data 1 -trigger
04:00:18 : Monet(R):UNodeAction -name aaMonetEvDesignLoading  -trigger
04:00:18 : Monet(R):UNodeAction -name aaVerdiEnableKdb -data {true} -trigger
04:00:19 : Monet(R):UNodeAction -name aaMonetEvDesignLoaded -data 1 -trigger
04:00:19 : Monet(R):UNodeAction -name aaMonetEvDesignLoading  -trigger
04:00:19 : Monet(R):UNodeAction -name aaVerdiEnableKdb -data {true} -trigger
04:00:20 : Monet(R):UNodeAction -name aaMonetEvDesignLoaded -data 1 -trigger
04:00:20 : Monet(R):UNodeAction -name aaMonetEvElabDesign  -trigger
04:00:20 : Monet(R):UNodeAction -name aaVerdiEnableKdb -data {true} -trigger
04:00:21 : Monet(R):UNodeAction -name aaVerdiEvV2kConfig -data {seq_config_cfg1:config} -trigger
04:00:21 : Monet(R):UNodeAction -name aaVerdiSetSimBinPath -data {seq_top.exe} -trigger
04:00:21 : Monet(R):UNodeAction -name aaVerdiEvDesignTop -data {seq_top} -trigger
04:00:28 : Monet(R):UNodeAction -name aaMonetSetHierarchySeparator -data . -trigger
04:00:28 : Monet(S):aaMonetBanffSavePropDBToStream -summary {1} -task {4}
04:00:28 : Monet(R):UNodeAction -name aaVerdiRefreshPropertyTable -force {0} -trigger
04:00:29 : Monet(R):UNodeAction -name aaVerdiEvSetSAMBox -data {} -trigger
04:00:30 : Monet(S):aaMonetSetVerdiDesignImportDone -data {1}
04:00:31 : Monet(R):UNodeAction -name aaVerdiEvCompile -finished {} -trigger
04:00:31 : Monet(R):UNodeAction -name aaVerdiEvSeqSetup -xml {/u/moulya/FV/Edge_Detection/formal_veif/vcst_rtdb/.internal/formal/verdiSeqMapping.xml} -trigger
04:00:31 : Monet(R):UNodeAction -name aaMonetEvReportDbSelectiveUpdate -data { DESIGN,Objects,ReportColumns,ReportTypes,Repositories,SETUP,TagParameterValue,TwEngSummary,TwEngines,TwGlobalVars,TwLocalVars,TwTasks,Vars } -trigger
04:00:31 : Monet(R):UNodeAction -name aaMonetEvElabDesignFinished -data 1 -trigger
04:00:31 : Monet(S):aaMonetMasterUnblock -result {1}
04:00:31 : Monet(S):aaMonetBanffSavePropDBToStream -summary {1} -task {4}
04:00:31 : Monet(R):UNodeAction -name aaVerdiRefreshPropertyTable -force {0} -trigger
04:00:31 : Monet(R):UNodeAction -name aaVerdiRefreshPropertyTable -force {0} -trigger
04:00:31 : Monet(R):UNodeAction -name aaVerdiConstantAnnotation  -trigger
04:00:31 : Monet(R):UNodeAction -name aaVerdiCmdTransport -reset -cmd verdiGetVcstCmdResult -args {<Command name="sim_run" status="1" />} -trigger
04:00:31 : Monet(R):UNodeAction -name aaVerdiCmdTransport -reset -cmd verdiGetVcstCmdResult -args {<Command name="sim_save_reset" status="1" />} -trigger
04:00:31 : Monet(R):UNodeAction -name aaVerdiEvSeqSetup -xml {/u/moulya/FV/Edge_Detection/formal_veif/vcst_rtdb/.internal/formal/verdiSeqMapping.xml} -trigger
04:00:31 : Monet(R):UNodeAction -name aaMonetEvCheckFvStarted -data SEQ,SEQ -trigger
04:00:31 : Monet(R):UNodeAction -name aaVerdiEvSeqSetup -xml {/u/moulya/FV/Edge_Detection/formal_veif/vcst_rtdb/.internal/formal/verdiSeqMapping.xml} -trigger
04:00:31 : Monet(R):UNodeAction -name aaVerdiRefreshPropertyTable -force {0} -trigger
04:00:31 : Monet(R):UNodeAction -name aaMonetEvBanffPropertyCount -data 2 -trigger
04:00:31 : Monet(R):UNodeAction -name aaMonetEvTwStarted  -trigger
04:00:31 : Monet(R):UNodeAction -name aaVerdiCmdTransport -reset -cmd verdiGetVcstCmdResult -args {<Command name="check_fv" status="1" />} -trigger
04:00:31 : Monet(R):UNodeAction -name aaVerdiEvSeqIncrSetup -xml {/u/moulya/FV/Edge_Detection/formal_veif/vcst_rtdb/.internal/formal/incrVerdiSeqMapping.xml} -trigger
04:00:31 : Monet(R):UNodeAction -name aaMonetEvSourceCmdActive -data 0 -trigger
04:00:31 : Monet(R):UNodeAction -name aaVerdiEvSeqIncrSetup -xml {/u/moulya/FV/Edge_Detection/formal_veif/vcst_rtdb/.internal/formal/incrVerdiSeqMapping.xml} -trigger
04:00:32 : Monet(S):aaHierViewSrcDone -data {1}
04:00:32 : Monet(S):aaMonetMasterUnblock -result {1}
04:00:32 : Monet(R):UNodeAction -name aaVerdiSendSviCmd -reset -data {schSetPreference -displayAbstractSrc on } -trigger
04:00:32 : Monet(S):aaVerdiSendSviCmdDone -result {1} -success {1}
04:00:32 : Monet(S):aaMSduChannelConnected
04:00:32 : Monet(S):aaMonetMasterUnblock -result {1}
04:00:32 : Monet(R):UNodeAction -name aaVerdiBlackboxReport -reset -data {  -delim {.}} -trigger
04:00:32 : Monet(S):aaMonetMasterUnblock -result {1}
04:00:32 : Monet(R):UNodeAction -name aaVerdiGlassboxReport -reset -data { -delim {.}} -trigger
04:00:32 : Monet(S):aaMonetMasterUnblock -result {1}
04:00:32 : Monet(S):aaMonetMasterUnblock -result {1}
04:00:32 : Monet(S):aaMonetMasterUnblock -result {1}
04:00:32 : Monet(R):UNodeAction -name aaAppInvokeAction -cmd {aaVerdiWaitAnnotation -trigger } -trigger
04:00:32 : Monet(S):aaMonetMasterUnblock -result {1}
04:00:32 : Monet(R):UNodeAction -name aaVerdiSendSviCmd -reset -data {verdiGetRCValue -section appSetting -key reuseWave } -trigger
04:00:32 : Monet(S):aaVerdiSendSviCmdDone -success {1}
04:00:32 : Monet(S):aaMonetMasterUnblock -result {1}
04:00:32 : Monet(R):UNodeAction -name aaAppInvokeAction -cmd {aaMonetSetReuseWave -data $value } -trigger
04:00:32 : Monet(S):aaMonetMasterUnblock -result {1}
04:00:32 : Monet(S):aaMonetMasterUnblock -result {1}
04:00:32 : Monet(R):UNodeAction -name aaAppInvokeAction -cmd {aaVerdiRestoreClipboard -trigger } -trigger
04:00:32 : Monet(S):aaMonetBanffSavePropDBToStream -summary {1} -task {4}
04:00:33 : Monet(S):aaMonetMasterUnblock -result {1}
04:00:33 : Monet(S):aaMonetMasterUnblock -result {1}
04:00:33 : Monet(S):aaMonetMasterUnblock -result {1}
04:00:33 : Monet(R):UNodeAction -name aaAppInvokeAction -cmd {aaMonetSyncSignoffCovParam -effortIndex 0 -trigger } -trigger
04:00:33 : Monet(S):aaMonetMasterUnblock -result {1}
04:00:33 : Monet(S):aaMonetBanffSavePropDBToStream -summary {1}
04:00:33 : Monet(S):aaMonetMasterUnblock -result {1}
04:00:33 : Monet(R):UNodeAction -name aaAppInvokeAction -cmd {aaMonetBanffSavePropDBToStream -reset -summary 1 -trigger } -trigger
04:00:33 : Monet(S):aaMonetMasterUnblock -result {1}
04:00:33 : Monet(R):UNodeAction -name aaVerdiSendSviCmd -reset -data {verdiVcstConstantReport -xmlFile /u/moulya/FV/Edge_Detection/formal_veif/vcst_rtdb/.internal/verdi/constant.xml } -trigger
04:00:34 : Monet(S):aaVerdiSendSviCmdDone -result {1} -success {1}
04:00:34 : Monet(S):aaMonetMasterUnblock -result {1}
04:00:34 : Monet(S):aaMonetMasterUnblock -result {1}
04:00:34 : Monet(R):UNodeAction -name aaAppInvokeAction -cmd {aaVerdiProgressFileReady -data /u/moulya/FV/Edge_Detection/formal_veif/vcst_rtdb/.internal/verdi/gridUsage.xml0 -trigger } -trigger
04:00:34 : Monet(S):aaMonetMasterUnblock -result {1}
04:00:41 : Monet(R):UNodeAction -name aaMonetEvTwStopped  -trigger
04:00:41 : Monet(R):UNodeAction -name aaMonetEvCheckFvFinished -data 1 -tname SEQ,SEQ -trigger
