(2026-04-30 03:59:50),0.038748,0,start,1576.4,402,LicenseMgr Init : 
(2026-04-30 03:59:51),0.0560447,0,end,1581.67,403,LicenseMgr Init : 
(2026-04-30 04:00:16),0.486951,0,start,1671.53,448,Analyze 
(2026-04-30 04:00:18),0.512127,0,end,1671.53,448,Analyze 
(2026-04-30 04:00:18),0.512305,0,start,1671.53,448,Load VCS Message: 
(2026-04-30 04:00:18),0.512686,0,end,1671.53,448,Load VCS Message: 
(2026-04-30 04:00:18),0.515494,0,start,1671.53,450,Analyze 
(2026-04-30 04:00:19),0.531854,0,end,1671.53,450,Analyze 
(2026-04-30 04:00:19),0.532042,0,start,1671.53,450,Load VCS Message: 
(2026-04-30 04:00:19),0.532509,0,end,1671.53,450,Load VCS Message: 
(2026-04-30 04:00:19),0.533434,0,start,1671.53,450,Analyze 
(2026-04-30 04:00:20),0.549536,0,end,1671.53,450,Analyze 
(2026-04-30 04:00:20),0.549684,0,start,1671.53,450,Load VCS Message: 
(2026-04-30 04:00:20),0.550028,0,end,1671.53,450,Load VCS Message: 
(2026-04-30 04:00:20),0.550394,0,start,1671.53,450,Analyze 
(2026-04-30 04:00:21),0.566901,0,end,1671.53,450,Analyze 
(2026-04-30 04:00:21),0.567047,0,start,1671.53,450,Load VCS Message: 
(2026-04-30 04:00:21),0.567397,0,end,1671.53,450,Load VCS Message: 
(2026-04-30 04:00:21),0.568593,0,start,1671.53,451,Elaborate : 
(2026-04-30 04:00:28),0.681135,0,end,1671.53,453,Elaborate : 
(2026-04-30 04:00:28),0.681309,0,start,1671.53,453,Load VCS Message: 
(2026-04-30 04:00:28),0.683159,0,end,1671.53,453,Load VCS Message: 
(2026-04-30 04:00:28),0.683374,0,start,1671.53,453,LoadCircuitModel : 
(2026-04-30 04:00:28),0.68361,0,start,1671.53,453,VsiLib_Restore : 
(2026-04-30 04:00:28),0.683808,0,end,1671.53,453,VsiLib_Restore : 
(2026-04-30 04:00:28),0.68399,0,end,1671.53,453,LoadCircuitModel : 
(2026-04-30 04:00:28),0.684173,0,start,1671.53,453,BuildNetlist : 
(2026-04-30 04:00:28),0.684357,0,start,1671.53,453,NLDM Build : 
(2026-04-30 04:00:28),0.684951,0,end,1688,472,NLDM Build : 
(2026-04-30 04:00:28),0.685217,1,start,1688,472,Cell properties : 
(2026-04-30 04:00:28),0.685422,1,end,1688.01,472,Cell properties : 
(2026-04-30 04:00:28),0.685611,0,end,1688.01,472,BuildNetlist : 
(2026-04-30 04:00:28),0.685892,0,start,1688.01,472,PropertyLoad: Formal Property : 
(2026-04-30 04:00:28),0.686076,0,end,1688.01,472,PropertyLoad: Formal Property : 
(2026-04-30 04:00:28),0.686308,0,start,1688.01,472,PropertyLoad: Formal Property : 
(2026-04-30 04:00:28),0.686476,0,end,1688.01,472,PropertyLoad: Formal Property : 
(2026-04-30 04:00:28),0.686705,0,start,1688.01,472,PropertyLoad: Formal Property : 
(2026-04-30 04:00:28),0.686885,0,end,1688.01,472,PropertyLoad: Formal Property : 
(2026-04-30 04:00:28),0.687076,0,start,1688.01,472,set_abstractions: InvokedInAutoMode : 
(2026-04-30 04:00:28),0.687241,0,end,1688.01,472,set_abstractions: InvokedInAutoMode : 
(2026-04-30 04:00:28),0.687408,0,start,1688.01,472,StaticCheck: StaticCheckProcess : 
(2026-04-30 04:00:28),0.687558,0,start,1688.13,472,StaticCheck: NldfgFlatDesign : 
(2026-04-30 04:00:28),0.687711,0,start,1688.13,472,StaticCheck: createFlatDesign : 
(2026-04-30 04:00:29),0.688104,0,end,1697.16,482,StaticCheck: createFlatDesign : 
(2026-04-30 04:00:29),0.688272,0,start,1697.16,482,StaticCheck: legalize : 
(2026-04-30 04:00:29),0.688443,0,end,1697.16,482,StaticCheck: legalize : 
(2026-04-30 04:00:29),0.688588,0,start,1697.16,482,StaticCheck: computeNetEquivalences : 
(2026-04-30 04:00:29),0.688755,0,end,1697.16,482,StaticCheck: computeNetEquivalences : 
(2026-04-30 04:00:29),0.688927,0,start,1697.16,482,StaticCheck: eliminateBidirectionals : 
(2026-04-30 04:00:29),0.68909,0,end,1697.16,482,StaticCheck: eliminateBidirectionals : 
(2026-04-30 04:00:29),0.689241,0,end,1697.16,482,StaticCheck: NldfgFlatDesign : 
(2026-04-30 04:00:29),0.689404,0,start,1697.16,482,StaticCheck: CombLoopCheck  : 
(2026-04-30 04:00:29),0.689573,0,end,1697.16,482,StaticCheck: CombLoopCheck  : 
(2026-04-30 04:00:29),0.68974,0,start,1697.16,482,StaticCheck: MultiDriverCheck  : 
(2026-04-30 04:00:29),0.689917,0,end,1697.16,482,StaticCheck: MultiDriverCheck  : 
(2026-04-30 04:00:29),0.690085,0,end,1697.16,472,StaticCheck: StaticCheckProcess : 
(2026-04-30 04:00:29),0.690655,0,start,1697.16,472,populate SSF data: 
(2026-04-30 04:00:29),0.690835,0,end,1697.16,472,populate SSF data: 
(2026-04-30 04:00:29),0.690976,0,start,1697.16,472,DumpGateCountStats : 
(2026-04-30 04:00:29),0.691238,0,end,1697.16,472,DumpGateCountStats : 
(2026-04-30 04:00:29),0.691451,1,start,1697.16,482,ModuleDesignPropagation : 
(2026-04-30 04:00:29),0.691614,1,end,1697.16,482,ModuleDesignPropagation : 
(2026-04-30 04:00:29),0.691983,0,start,1697.3,482,map_by_name:  : 
(2026-04-30 04:00:29),0.692735,0,start,1715.34,482,map_by_name: primary input/output : 
(2026-04-30 04:00:29),0.69304,0,end,1715.34,482,map_by_name: primary input/output : 
(2026-04-30 04:00:29),0.693183,0,start,1715.34,482,map_by_name: undriven : 
(2026-04-30 04:00:29),0.693328,0,end,1715.34,482,map_by_name: undriven : 
(2026-04-30 04:00:29),0.693474,0,start,1715.34,482,map_by_name: blackbox : 
(2026-04-30 04:00:29),0.693617,0,end,1715.34,482,map_by_name: blackbox : 
(2026-04-30 04:00:29),0.693764,0,start,1715.34,482,map_by_name: CMA : 
(2026-04-30 04:00:29),0.693893,0,end,1715.34,482,map_by_name: CMA : 
(2026-04-30 04:00:29),0.694029,0,start,1715.34,482,map_by_name: abstraction : 
(2026-04-30 04:00:29),0.694148,0,end,1715.34,482,map_by_name: abstraction : 
(2026-04-30 04:00:29),0.694692,0,end,1715.34,482,map_by_name:  : 
(2026-04-30 04:00:29),0.695912,0,start,1715.34,482,sim build substep: 
(2026-04-30 04:00:29),0.696078,0,start,1715.34,482,Check: ConstraintsProcess : 
(2026-04-30 04:00:29),0.69632,0,start,1715.34,482,Check: PrepareConstraints : 
(2026-04-30 04:00:29),0.6965,0,end,1715.34,482,Check: PrepareConstraints : 
(2026-04-30 04:00:29),0.696632,0,start,1715.34,482,Check: CompileConstraints : 
(2026-04-30 04:00:29),0.696858,0,end,1715.34,483,Check: CompileConstraints : 
(2026-04-30 04:00:29),0.697026,0,start,1715.34,483,Check: InstrumentConstraints : 
(2026-04-30 04:00:29),0.697205,0,end,1715.34,483,Check: InstrumentConstraints : 
(2026-04-30 04:00:29),0.69735,0,end,1715.34,483,Check: ConstraintsProcess : 
(2026-04-30 04:00:29),0.698394,0,end,1715.34,491,sim build substep: 
(2026-04-30 04:00:29),0.698569,0,start,1715.34,491,sim run substep: 
(2026-04-30 04:00:29),0.698991,0,end,1715.34,495,sim run substep: 
(2026-04-30 04:00:29),0.699134,0,start,1715.34,495,sim_save_reset : 
(2026-04-30 04:00:29),0.700981,0,end,1719.93,483,sim_save_reset : 
(2026-04-30 04:00:29),0.701314,0,start,1719.93,483,Check: check_fv : 
(2026-04-30 04:00:29),0.701425,0,start,1719.93,483,Check: BuildFormal : 
(2026-04-30 04:00:29),0.701544,0,start,1719.93,483,Check: Init : 
(2026-04-30 04:00:29),0.701702,0,end,1719.93,483,Check: Init : 
(2026-04-30 04:00:29),0.701848,0,start,1719.93,483,Check: ResetSetup : 
(2026-04-30 04:00:29),0.701971,0,start,1719.93,483,Check: EnvInstrumentation : 
(2026-04-30 04:00:29),0.702093,0,end,1719.93,483,Check: EnvInstrumentation : 
(2026-04-30 04:00:29),0.702252,0,end,1719.93,483,Check: ResetSetup : 
(2026-04-30 04:00:29),0.702381,0,start,1719.93,483,Check: BotEotInstr : 
(2026-04-30 04:00:29),0.702489,0,end,1719.93,483,Check: BotEotInstr : 
(2026-04-30 04:00:29),0.702612,0,start,1719.93,483,Check: VPSetup : 
(2026-04-30 04:00:29),0.702807,0,end,1719.93,483,Check: VPSetup : 
(2026-04-30 04:00:29),0.702938,0,start,1719.93,483,Check: VPReset : 
(2026-04-30 04:00:29),0.703382,0,end,1719.93,483,Check: VPReset : 
(2026-04-30 04:00:29),0.703501,0,start,1719.93,483,Check: InitApp : 
(2026-04-30 04:00:29),0.703604,0,start,1719.93,483,Check: InitSEQ : 
(2026-04-30 04:00:29),0.704377,0,end,1719.93,483,Check: InitSEQ : 
(2026-04-30 04:00:29),0.704589,0,end,1719.93,483,Check: InitApp : 
(2026-04-30 04:00:30),0.704698,0,start,1719.93,483,Check: FormalModel : 
(2026-04-30 04:00:30),0.704824,0,start,1719.93,483,DfgBuild: Setup : 
(2026-04-30 04:00:30),0.704991,0,start,1719.93,483,DfgBuild: ValidateNLDMOperators : 
(2026-04-30 04:00:30),0.705168,0,end,1719.93,483,DfgBuild: ValidateNLDMOperators : 
(2026-04-30 04:00:30),0.705346,0,end,1719.93,483,DfgBuild: Setup : 
(2026-04-30 04:00:30),0.705532,0,start,1719.93,483,DfgBuild: ReuseCheck : 
(2026-04-30 04:00:30),0.705721,0,end,1719.93,483,DfgBuild: ReuseCheck : 
(2026-04-30 04:00:30),0.70588,0,start,1719.93,483,DfgBuild: Flatten : 
(2026-04-30 04:00:30),0.706122,0,end,1719.93,492,DfgBuild: Flatten : 
(2026-04-30 04:00:30),0.706263,0,start,1719.93,492,DfgBuild: ClockSetup : 
(2026-04-30 04:00:30),0.706442,0,end,1719.93,492,DfgBuild: ClockSetup : 
(2026-04-30 04:00:30),0.706612,0,start,1719.93,492,DfgBuild: Modeling : 
(2026-04-30 04:00:30),0.706756,0,end,1719.93,492,DfgBuild: Modeling : 
(2026-04-30 04:00:30),0.706863,0,start,1719.93,492,DfgBuild: FlatRemodel : 
(2026-04-30 04:00:30),0.707014,0,end,1719.93,492,DfgBuild: FlatRemodel : 
(2026-04-30 04:00:30),0.707112,0,start,1719.93,492,DfgBuild: NldfgBuild : 
(2026-04-30 04:00:30),0.707198,0,end,1719.93,492,DfgBuild: NldfgBuild : 
(2026-04-30 04:00:30),0.7073,0,start,1719.93,492,NldfgBuild : Print statistics 
(2026-04-30 04:00:30),0.70741,0,end,1719.93,492,NldfgBuild : Print statistics 
(2026-04-30 04:00:30),0.707509,0,start,1719.93,492,NldfgBuild : Cutpoint Insertion 
(2026-04-30 04:00:30),0.707613,0,end,1719.93,492,NldfgBuild : Cutpoint Insertion 
(2026-04-30 04:00:30),0.707712,0,start,1719.93,492,NldfgBuild : Compute net equivalences 
(2026-04-30 04:00:30),0.70785,0,end,1719.93,492,NldfgBuild : Compute net equivalences 
(2026-04-30 04:00:30),0.707974,0,start,1719.93,492,NldfgBuild : Eliminate bidirectionals 
(2026-04-30 04:00:30),0.708108,0,end,1719.93,492,NldfgBuild : Eliminate bidirectionals 
(2026-04-30 04:00:30),0.708237,0,start,1719.93,492,NldfgBuild : Remove false combo loops 
(2026-04-30 04:00:30),0.708371,0,end,1719.93,492,NldfgBuild : Remove false combo loops 
(2026-04-30 04:00:30),0.708507,0,start,1719.93,492,NldfgBuild : Create dfg 
(2026-04-30 04:00:30),0.708633,0,start,1719.93,492,NldfgBuild : Create graph function 
(2026-04-30 04:00:30),0.7088,0,end,1719.93,492,NldfgBuild : Create graph function 
(2026-04-30 04:00:30),0.708932,0,start,1719.93,492,NldfgBuild : Create scopes 
(2026-04-30 04:00:30),0.709068,0,end,1719.93,492,NldfgBuild : Create scopes 
(2026-04-30 04:00:30),0.70922,0,start,1719.93,492,NldfgBuild : Initial setup 
(2026-04-30 04:00:30),0.709368,0,end,1719.93,492,NldfgBuild : Initial setup 
(2026-04-30 04:00:30),0.709503,0,start,1719.93,492,NldfgBuild : Create graph 
(2026-04-30 04:00:30),0.709654,0,end,1719.93,492,NldfgBuild : Create graph 
(2026-04-30 04:00:30),0.709804,0,start,1719.93,492,NldfgBuild : Create terminal sinks and sources 
(2026-04-30 04:00:30),0.709989,0,end,1719.93,492,NldfgBuild : Create terminal sinks and sources 
(2026-04-30 04:00:30),0.710155,0,start,1719.93,492,NldfgBuild : Compute dependencies 
(2026-04-30 04:00:30),0.71033,0,end,1719.93,492,NldfgBuild : Compute dependencies 
(2026-04-30 04:00:30),0.710495,0,start,1719.93,492,NldfgBuild : Compute combinational SCCs 
(2026-04-30 04:00:30),0.710663,0,end,1719.93,492,NldfgBuild : Compute combinational SCCs 
(2026-04-30 04:00:30),0.710852,0,start,1719.93,492,NldfgBuild : Compute templates 
(2026-04-30 04:00:30),0.711072,0,end,1719.93,492,NldfgBuild : Compute templates 
(2026-04-30 04:00:30),0.711266,0,start,1719.93,492,NldfgBuild : Eliminate combinational SCCs 
(2026-04-30 04:00:30),0.711412,0,end,1719.93,492,NldfgBuild : Eliminate combinational SCCs 
(2026-04-30 04:00:30),0.711566,0,start,1719.93,492,NldfgBuild : Computing sequential SCCs 
(2026-04-30 04:00:30),0.711764,0,end,1719.93,492,NldfgBuild : Computing sequential SCCs 
(2026-04-30 04:00:30),0.711917,0,start,1719.93,492,NldfgBuild : Create simulator clocks, changeAts and Triggers 
(2026-04-30 04:00:30),0.712075,0,end,1719.93,492,NldfgBuild : Create simulator clocks, changeAts and Triggers 
(2026-04-30 04:00:30),0.712245,0,start,1719.93,492,NldfgBuild : SymSimulator Analysis and computation 
(2026-04-30 04:00:30),0.712477,0,end,1719.93,493,NldfgBuild : SymSimulator Analysis and computation 
(2026-04-30 04:00:30),0.712669,0,end,1719.93,493,NldfgBuild : Create dfg 
(2026-04-30 04:00:30),0.712776,0,start,1719.93,492,StaticCheck: StaticCheckProcess : 
(2026-04-30 04:00:30),0.712899,0,start,1719.93,492,StaticCheck: NldfgFlatDesign : 
(2026-04-30 04:00:30),0.713013,0,end,1719.93,492,StaticCheck: NldfgFlatDesign : 
(2026-04-30 04:00:30),0.713132,0,start,1719.93,492,StaticCheck: CombLoopCheck  : 
(2026-04-30 04:00:30),0.713259,0,end,1719.93,492,StaticCheck: CombLoopCheck  : 
(2026-04-30 04:00:30),0.713415,0,start,1719.93,492,StaticCheck: MultiDriverCheck  : 
(2026-04-30 04:00:30),0.713555,0,end,1719.93,492,StaticCheck: MultiDriverCheck  : 
(2026-04-30 04:00:30),0.713688,0,end,1719.93,492,StaticCheck: StaticCheckProcess : 
(2026-04-30 04:00:30),0.713811,0,start,1719.93,492,DfgBuild: DfgRemodel : 
(2026-04-30 04:00:30),0.71435,0,end,1719.93,492,DfgBuild: DfgRemodel : 
(2026-04-30 04:00:30),0.714514,0,end,1719.93,483,Check: FormalModel : 
(2026-04-30 04:00:30),0.714651,0,end,1719.93,483,Check: BuildFormal : 
(2026-04-30 04:00:30),0.714817,0,start,1719.93,483,Check: GCDB : 
(2026-04-30 04:00:30),0.715105,0,end,1719.93,483,Check: GCDB : 
(2026-04-30 04:00:30),0.715365,0,start,1719.93,483,Check: Tanglewood : 
(2026-04-30 04:00:31),0.722223,0,end,1719.93,483,Check: Tanglewood : 
(2026-04-30 04:00:31),0.72236,0,end,1719.93,483,Check: check_fv : 
(2026-04-30 04:00:40),0.88445,0,start,1719.92,482,DfgBuild: First_fileCopyForSaveOnTheFly : 
(2026-04-30 04:00:40),0.887087,0,end,1719.92,482,DfgBuild: First_fileCopyForSaveOnTheFly : 
(2026-04-30 04:00:41),0.889865,0,start,1719.92,482,DfgBuild: saveProofDb_lastUpdate : 
(2026-04-30 04:00:41),0.890287,0,end,1719.92,482,DfgBuild: saveProofDb_lastUpdate : 
(2026-04-30 04:00:41),0.890732,0,start,1719.92,482,compressRMADB: compressRMADB : 
(2026-04-30 04:00:41),0.892859,0,end,1719.92,482,compressRMADB: compressRMADB : 
(2026-04-30 04:00:41),0.893011,0,start,1719.92,482,deleteAllFilesExceptGz: deleteAllFilesExceptGz : 
(2026-04-30 04:00:41),0.894585,0,end,1719.92,482,deleteAllFilesExceptGz: deleteAllFilesExceptGz : 
